# JRE version: OpenJDK Runtime Environment Temurin-21.0.8+9 (21.0.8+9) (build 21.0.8+9-LTS)
# Java VM: OpenJDK 64-Bit Server VM Temurin-21.0.8+9 (21.0.8+9-LTS, mixed mode, sharing, tiered, compressed oops, compressed class ptrs, parallel gc, windows-amd64)
GC Precious Log:
 CardTable entry size: 512
 CPUs: 8 total, 8 available
 Memory: 32643M
 Large Page Support: Disabled
 NUMA Support: Disabled
 Compressed Oops: Enabled (32-bit)
 Alignments: Space 512K, Generation 512K, Heap 2M
 Heap Min Capacity: 100M
 Heap Initial Capacity: 100M
 Heap Max Capacity: 2G
 Pre-touch: Disabled
 Parallel Workers: 8
Heap:
 PSYoungGen      total 1536K, used 833K [0x00000000d5580000, 0x00000000d5800000, 0x0000000100000000)
  eden space 1024K, 62% used [0x00000000d5580000,0x00000000d56204e0,0x00000000d5680000)
  from space 512K, 37% used [0x00000000d5780000,0x00000000d57b0000,0x00000000d5800000)
  to   space 512K, 0% used [0x00000000d5700000,0x00000000d5700000,0x00000000d5780000)
 ParOldGen       total 288768K, used 287383K [0x0000000080000000, 0x0000000091a00000, 0x00000000d5580000)
  object space 288768K, 99% used [0x0000000080000000,0x00000000918a5d60,0x0000000091a00000)
 Metaspace       used 75011K, committed 76672K, reserved 1179648K
  class space    used 7895K, committed 8640K, reserved 1048576K
GC Heap History (20 events):
Event: 5165.615 GC heap before
{Heap before GC invocations=802 (full 3):
 PSYoungGen      total 2048K, used 1855K [0x00000000d5580000, 0x00000000d5800000, 0x0000000100000000)
  eden space 1536K, 99% used [0x00000000d5580000,0x00000000d56fffd8,0x00000000d5700000)
  from space 512K, 62% used [0x00000000d5780000,0x00000000d57d0000,0x00000000d5800000)
  to   space 512K, 0% used [0x00000000d5700000,0x00000000d5700000,0x00000000d5780000)
 ParOldGen       total 255488K, used 255019K [0x0000000080000000, 0x000000008f980000, 0x00000000d5580000)
  object space 255488K, 99% used [0x0000000080000000,0x000000008f90ad38,0x000000008f980000)
 Metaspace       used 74820K, committed 76544K, reserved 1179648K
  class space    used 7878K, committed 8640K, reserved 1048576K
}
Event: 5165.617 GC heap after
{Heap after GC invocations=802 (full 3):
 PSYoungGen      total 2048K, used 416K [0x00000000d5580000, 0x00000000d5800000, 0x0000000100000000)
  eden space 1536K, 0% used [0x00000000d5580000,0x00000000d5580000,0x00000000d5700000)
  from space 512K, 81% used [0x00000000d5700000,0x00000000d5768000,0x00000000d5780000)
  to   space 512K, 0% used [0x00000000d5780000,0x00000000d5780000,0x00000000d5800000)
 ParOldGen       total 255488K, used 255179K [0x0000000080000000, 0x000000008f980000, 0x00000000d5580000)
  object space 255488K, 99% used [0x0000000080000000,0x000000008f932d38,0x000000008f980000)
 Metaspace       used 74820K, committed 76544K, reserved 1179648K
  class space    used 7878K, committed 8640K, reserved 1048576K
}
Event: 5165.634 GC heap before
{Heap before GC invocations=803 (full 3):
 PSYoungGen      total 2048K, used 1952K [0x00000000d5580000, 0x00000000d5800000, 0x0000000100000000)
  eden space 1536K, 100% used [0x00000000d5580000,0x00000000d5700000,0x00000000d5700000)
  from space 512K, 81% used [0x00000000d5700000,0x00000000d5768000,0x00000000d5780000)
  to   space 512K, 0% used [0x00000000d5780000,0x00000000d5780000,0x00000000d5800000)
 ParOldGen       total 255488K, used 255179K [0x0000000080000000, 0x000000008f980000, 0x00000000d5580000)
  object space 255488K, 99% used [0x0000000080000000,0x000000008f932d38,0x000000008f980000)
 Metaspace       used 74827K, committed 76544K, reserved 1179648K
  class space    used 7878K, committed 8640K, reserved 1048576K
}
Event: 5165.637 GC heap after
{Heap after GC invocations=803 (full 3):
 PSYoungGen      total 2048K, used 416K [0x00000000d5580000, 0x00000000d5800000, 0x0000000100000000)
  eden space 1536K, 0% used [0x00000000d5580000,0x00000000d5580000,0x00000000d5700000)
  from space 512K, 81% used [0x00000000d5780000,0x00000000d57e8020,0x00000000d5800000)
  to   space 512K, 0% used [0x00000000d5700000,0x00000000d5700000,0x00000000d5780000)
 ParOldGen       total 255488K, used 255439K [0x0000000080000000, 0x000000008f980000, 0x00000000d5580000)
  object space 255488K, 99% used [0x0000000080000000,0x000000008f973d48,0x000000008f980000)
 Metaspace       used 74827K, committed 76544K, reserved 1179648K
  class space    used 7878K, committed 8640K, reserved 1048576K
}
Event: 5165.647 GC heap before
{Heap before GC invocations=804 (full 3):
 PSYoungGen      total 2048K, used 1952K [0x00000000d5580000, 0x00000000d5800000, 0x0000000100000000)
  eden space 1536K, 100% used [0x00000000d5580000,0x00000000d5700000,0x00000000d5700000)
  from space 512K, 81% used [0x00000000d5780000,0x00000000d57e8020,0x00000000d5800000)
  to   space 512K, 0% used [0x00000000d5700000,0x00000000d5700000,0x00000000d5780000)
 ParOldGen       total 255488K, used 255439K [0x0000000080000000, 0x000000008f980000, 0x00000000d5580000)
  object space 255488K, 99% used [0x0000000080000000,0x000000008f973d48,0x000000008f980000)
 Metaspace       used 74835K, committed 76544K, reserved 1179648K
  class space    used 7878K, committed 8640K, reserved 1048576K
}
Event: 5165.649 GC heap after
{Heap after GC invocations=804 (full 3):
 PSYoungGen      total 2048K, used 384K [0x00000000d5580000, 0x00000000d5800000, 0x0000000100000000)
  eden space 1536K, 0% used [0x00000000d5580000,0x00000000d5580000,0x00000000d5700000)
  from space 512K, 75% used [0x00000000d5700000,0x00000000d5760000,0x00000000d5780000)
  to   space 512K, 0% used [0x00000000d5780000,0x00000000d5780000,0x00000000d5800000)
 ParOldGen       total 256000K, used 255727K [0x0000000080000000, 0x000000008fa00000, 0x00000000d5580000)
  object space 256000K, 99% used [0x0000000080000000,0x000000008f9bbd68,0x000000008fa00000)
 Metaspace       used 74835K, committed 76544K, reserved 1179648K
  class space    used 7878K, committed 8640K, reserved 1048576K
}
Event: 5165.668 GC heap before
{Heap before GC invocations=805 (full 3):
 PSYoungGen      total 2048K, used 1918K [0x00000000d5580000, 0x00000000d5800000, 0x0000000100000000)
  eden space 1536K, 99% used [0x00000000d5580000,0x00000000d56ffa68,0x00000000d5700000)
  from space 512K, 75% used [0x00000000d5700000,0x00000000d5760000,0x00000000d5780000)
  to   space 512K, 0% used [0x00000000d5780000,0x00000000d5780000,0x00000000d5800000)
 ParOldGen       total 256000K, used 255727K [0x0000000080000000, 0x000000008fa00000, 0x00000000d5580000)
  object space 256000K, 99% used [0x0000000080000000,0x000000008f9bbd68,0x000000008fa00000)
 Metaspace       used 74849K, committed 76608K, reserved 1179648K
  class space    used 7879K, committed 8640K, reserved 1048576K
}
Event: 5165.670 GC heap after
{Heap after GC invocations=805 (full 3):
 PSYoungGen      total 1536K, used 480K [0x00000000d5580000, 0x00000000d5900000, 0x0000000100000000)
  eden space 1024K, 0% used [0x00000000d5580000,0x00000000d5580000,0x00000000d5680000)
  from space 512K, 93% used [0x00000000d5780000,0x00000000d57f8010,0x00000000d5800000)
  to   space 1024K, 0% used [0x00000000d5680000,0x00000000d5680000,0x00000000d5780000)
 ParOldGen       total 256000K, used 255967K [0x0000000080000000, 0x000000008fa00000, 0x00000000d5580000)
  object space 256000K, 99% used [0x0000000080000000,0x000000008f9f7d68,0x000000008fa00000)
 Metaspace       used 74849K, committed 76608K, reserved 1179648K
  class space    used 7879K, committed 8640K, reserved 1048576K
}
Event: 5165.683 GC heap before
{Heap before GC invocations=806 (full 3):
 PSYoungGen      total 1536K, used 1504K [0x00000000d5580000, 0x00000000d5900000, 0x0000000100000000)
  eden space 1024K, 100% used [0x00000000d5580000,0x00000000d5680000,0x00000000d5680000)
  from space 512K, 93% used [0x00000000d5780000,0x00000000d57f8010,0x00000000d5800000)
  to   space 1024K, 0% used [0x00000000d5680000,0x00000000d5680000,0x00000000d5780000)
 ParOldGen       total 256000K, used 255967K [0x0000000080000000, 0x000000008fa00000, 0x00000000d5580000)
  object space 256000K, 99% used [0x0000000080000000,0x000000008f9f7d68,0x000000008fa00000)
 Metaspace       used 74865K, committed 76608K, reserved 1179648K
  class space    used 7879K, committed 8640K, reserved 1048576K
}
Event: 5165.684 GC heap after
{Heap after GC invocations=806 (full 3):
 PSYoungGen      total 2048K, used 384K [0x00000000d5580000, 0x00000000d5800000, 0x0000000100000000)
  eden space 1024K, 0% used [0x00000000d5580000,0x00000000d5580000,0x00000000d5680000)
  from space 1024K, 37% used [0x00000000d5680000,0x00000000d56e0010,0x00000000d5780000)
  to   space 512K, 0% used [0x00000000d5780000,0x00000000d5780000,0x00000000d5800000)
 ParOldGen       total 256512K, used 256267K [0x0000000080000000, 0x000000008fa80000, 0x00000000d5580000)
  object space 256512K, 99% used [0x0000000080000000,0x000000008fa42d20,0x000000008fa80000)
 Metaspace       used 74865K, committed 76608K, reserved 1179648K
  class space    used 7879K, committed 8640K, reserved 1048576K
}
Event: 5165.732 GC heap before
{Heap before GC invocations=807 (full 3):
 PSYoungGen      total 2048K, used 1373K [0x00000000d5580000, 0x00000000d5800000, 0x0000000100000000)
  eden space 1024K, 96% used [0x00000000d5580000,0x00000000d5677410,0x00000000d5680000)
  from space 1024K, 37% used [0x00000000d5680000,0x00000000d56e0010,0x00000000d5780000)
  to   space 512K, 0% used [0x00000000d5780000,0x00000000d5780000,0x00000000d5800000)
 ParOldGen       total 256512K, used 256267K [0x0000000080000000, 0x000000008fa80000, 0x00000000d5580000)
  object space 256512K, 99% used [0x0000000080000000,0x000000008fa42d20,0x000000008fa80000)
 Metaspace       used 74906K, committed 76608K, reserved 1179648K
  class space    used 7884K, committed 8640K, reserved 1048576K
}
Event: 5165.734 GC heap after
{Heap after GC invocations=807 (full 3):
 PSYoungGen      total 1536K, used 224K [0x00000000d5580000, 0x00000000d5800000, 0x0000000100000000)
  eden space 1024K, 0% used [0x00000000d5580000,0x00000000d5580000,0x00000000d5680000)
  from space 512K, 43% used [0x00000000d5780000,0x00000000d57b8000,0x00000000d5800000)
  to   space 512K, 0% used [0x00000000d5700000,0x00000000d5700000,0x00000000d5780000)
 ParOldGen       total 256512K, used 256427K [0x0000000080000000, 0x000000008fa80000, 0x00000000d5580000)
  object space 256512K, 99% used [0x0000000080000000,0x000000008fa6ad20,0x000000008fa80000)
 Metaspace       used 74906K, committed 76608K, reserved 1179648K
  class space    used 7884K, committed 8640K, reserved 1048576K
}
Event: 5165.831 GC heap before
{Heap before GC invocations=808 (full 3):
 PSYoungGen      total 1536K, used 1248K [0x00000000d5580000, 0x00000000d5800000, 0x0000000100000000)
  eden space 1024K, 100% used [0x00000000d5580000,0x00000000d5680000,0x00000000d5680000)
  from space 512K, 43% used [0x00000000d5780000,0x00000000d57b8000,0x00000000d5800000)
  to   space 512K, 0% used [0x00000000d5700000,0x00000000d5700000,0x00000000d5780000)
 ParOldGen       total 256512K, used 256427K [0x0000000080000000, 0x000000008fa80000, 0x00000000d5580000)
  object space 256512K, 99% used [0x0000000080000000,0x000000008fa6ad20,0x000000008fa80000)
 Metaspace       used 74948K, committed 76672K, reserved 1179648K
  class space    used 7888K, committed 8640K, reserved 1048576K
}
Event: 5165.833 GC heap after
{Heap after GC invocations=808 (full 3):
 PSYoungGen      total 1536K, used 256K [0x00000000d5580000, 0x00000000d5800000, 0x0000000100000000)
  eden space 1024K, 0% used [0x00000000d5580000,0x00000000d5580000,0x00000000d5680000)
  from space 512K, 50% used [0x00000000d5700000,0x00000000d5740000,0x00000000d5780000)
  to   space 512K, 0% used [0x00000000d5780000,0x00000000d5780000,0x00000000d5800000)
 ParOldGen       total 256512K, used 256483K [0x0000000080000000, 0x000000008fa80000, 0x00000000d5580000)
  object space 256512K, 99% used [0x0000000080000000,0x000000008fa78d20,0x000000008fa80000)
 Metaspace       used 74948K, committed 76672K, reserved 1179648K
  class space    used 7888K, committed 8640K, reserved 1048576K
}
Event: 5165.885 GC heap before
{Heap before GC invocations=809 (full 3):
 PSYoungGen      total 1536K, used 1280K [0x00000000d5580000, 0x00000000d5800000, 0x0000000100000000)
  eden space 1024K, 100% used [0x00000000d5580000,0x00000000d5680000,0x00000000d5680000)
  from space 512K, 50% used [0x00000000d5700000,0x00000000d5740000,0x00000000d5780000)
  to   space 512K, 0% used [0x00000000d5780000,0x00000000d5780000,0x00000000d5800000)
 ParOldGen       total 256512K, used 256483K [0x0000000080000000, 0x000000008fa80000, 0x00000000d5580000)
  object space 256512K, 99% used [0x0000000080000000,0x000000008fa78d20,0x000000008fa80000)
 Metaspace       used 74983K, committed 76672K, reserved 1179648K
  class space    used 7894K, committed 8640K, reserved 1048576K
}
Event: 5165.887 GC heap after
{Heap after GC invocations=809 (full 3):
 PSYoungGen      total 1536K, used 256K [0x00000000d5580000, 0x00000000d5800000, 0x0000000100000000)
  eden space 1024K, 0% used [0x00000000d5580000,0x00000000d5580000,0x00000000d5680000)
  from space 512K, 50% used [0x00000000d5780000,0x00000000d57c0000,0x00000000d5800000)
  to   space 512K, 0% used [0x00000000d5700000,0x00000000d5700000,0x00000000d5780000)
 ParOldGen       total 257024K, used 256539K [0x0000000080000000, 0x000000008fb00000, 0x00000000d5580000)
  object space 257024K, 99% used [0x0000000080000000,0x000000008fa86d20,0x000000008fb00000)
 Metaspace       used 74983K, committed 76672K, reserved 1179648K
  class space    used 7894K, committed 8640K, reserved 1048576K
}
Event: 5165.920 GC heap before
{Heap before GC invocations=810 (full 3):
 PSYoungGen      total 1536K, used 1280K [0x00000000d5580000, 0x00000000d5800000, 0x0000000100000000)
  eden space 1024K, 100% used [0x00000000d5580000,0x00000000d5680000,0x00000000d5680000)
  from space 512K, 50% used [0x00000000d5780000,0x00000000d57c0000,0x00000000d5800000)
  to   space 512K, 0% used [0x00000000d5700000,0x00000000d5700000,0x00000000d5780000)
 ParOldGen       total 288768K, used 287259K [0x0000000080000000, 0x0000000091a00000, 0x00000000d5580000)
  object space 288768K, 99% used [0x0000000080000000,0x0000000091886d50,0x0000000091a00000)
 Metaspace       used 74999K, committed 76672K, reserved 1179648K
  class space    used 7895K, committed 8640K, reserved 1048576K
}
Event: 5165.921 GC heap after
{Heap after GC invocations=810 (full 3):
 PSYoungGen      total 1536K, used 224K [0x00000000d5580000, 0x00000000d5800000, 0x0000000100000000)
  eden space 1024K, 0% used [0x00000000d5580000,0x00000000d5580000,0x00000000d5680000)
  from space 512K, 43% used [0x00000000d5700000,0x00000000d5738000,0x00000000d5780000)
  to   space 512K, 0% used [0x00000000d5780000,0x00000000d5780000,0x00000000d5800000)
 ParOldGen       total 288768K, used 287335K [0x0000000080000000, 0x0000000091a00000, 0x00000000d5580000)
  object space 288768K, 99% used [0x0000000080000000,0x0000000091899d60,0x0000000091a00000)
 Metaspace       used 74999K, committed 76672K, reserved 1179648K
  class space    used 7895K, committed 8640K, reserved 1048576K
}
Event: 5165.996 GC heap before
{Heap before GC invocations=811 (full 3):
 PSYoungGen      total 1536K, used 1248K [0x00000000d5580000, 0x00000000d5800000, 0x0000000100000000)
  eden space 1024K, 100% used [0x00000000d5580000,0x00000000d5680000,0x00000000d5680000)
  from space 512K, 43% used [0x00000000d5700000,0x00000000d5738000,0x00000000d5780000)
  to   space 512K, 0% used [0x00000000d5780000,0x00000000d5780000,0x00000000d5800000)
 ParOldGen       total 288768K, used 287335K [0x0000000080000000, 0x0000000091a00000, 0x00000000d5580000)
  object space 288768K, 99% used [0x0000000080000000,0x0000000091899d60,0x0000000091a00000)
 Metaspace       used 75007K, committed 76672K, reserved 1179648K
  class space    used 7895K, committed 8640K, reserved 1048576K
}
Event: 5165.998 GC heap after
{Heap after GC invocations=811 (full 3):
 PSYoungGen      total 1536K, used 192K [0x00000000d5580000, 0x00000000d5800000, 0x0000000100000000)
  eden space 1024K, 0% used [0x00000000d5580000,0x00000000d5580000,0x00000000d5680000)
  from space 512K, 37% used [0x00000000d5780000,0x00000000d57b0000,0x00000000d5800000)
  to   space 512K, 0% used [0x00000000d5700000,0x00000000d5700000,0x00000000d5780000)
 ParOldGen       total 288768K, used 287383K [0x0000000080000000, 0x0000000091a00000, 0x00000000d5580000)
  object space 288768K, 99% used [0x0000000080000000,0x00000000918a5d60,0x0000000091a00000)
 Metaspace       used 75007K, committed 76672K, reserved 1179648K
  class space    used 7895K, committed 8640K, reserved 1048576K
}

