# JRE version: OpenJDK Runtime Environment Temurin-21.0.8+9 (21.0.8+9) (build 21.0.8+9-LTS)
# Java VM: OpenJDK 64-Bit Server VM Temurin-21.0.8+9 (21.0.8+9-LTS, mixed mode, sharing, tiered, compressed oops, compressed class ptrs, parallel gc, windows-amd64)
GC Precious Log:
 CardTable entry size: 512
 CPUs: 8 total, 8 available
 Memory: 32643M
 Large Page Support: Disabled
 NUMA Support: Disabled
 Compressed Oops: Enabled (32-bit)
 Alignments: Space 512K, Generation 512K, Heap 2M
 Heap Min Capacity: 100M
 Heap Initial Capacity: 100M
 Heap Max Capacity: 2G
 Pre-touch: Disabled
 Parallel Workers: 8
Heap:
 PSYoungGen      total 10752K, used 8316K [0x00000000d5580000, 0x00000000d6580000, 0x0000000100000000)
  eden space 6144K, 66% used [0x00000000d5580000,0x00000000d5977d48,0x00000000d5b80000)
  from space 4608K, 92% used [0x00000000d5b80000,0x00000000d5fa7560,0x00000000d6000000)
  to   space 5120K, 0% used [0x00000000d6080000,0x00000000d6080000,0x00000000d6580000)
 ParOldGen       total 209920K, used 209723K [0x0000000080000000, 0x000000008cd00000, 0x00000000d5580000)
  object space 209920K, 99% used [0x0000000080000000,0x000000008cccec30,0x000000008cd00000)
 Metaspace       used 74988K, committed 76800K, reserved 1179648K
  class space    used 7877K, committed 8704K, reserved 1048576K
GC Heap History (20 events):
Event: 98.435 GC heap before
{Heap before GC invocations=229 (full 3):
 PSYoungGen      total 15872K, used 13664K [0x00000000d5580000, 0x00000000d6a80000, 0x0000000100000000)
  eden space 12288K, 100% used [0x00000000d5580000,0x00000000d6180000,0x00000000d6180000)
  from space 3584K, 38% used [0x00000000d6400000,0x00000000d6558000,0x00000000d6780000)
  to   space 2048K, 0% used [0x00000000d6880000,0x00000000d6880000,0x00000000d6a80000)
 ParOldGen       total 194048K, used 193696K [0x0000000080000000, 0x000000008bd80000, 0x00000000d5580000)
  object space 194048K, 99% used [0x0000000080000000,0x000000008bd283d0,0x000000008bd80000)
 Metaspace       used 72220K, committed 73920K, reserved 1179648K
  class space    used 7669K, committed 8384K, reserved 1048576K
}
Event: 98.442 GC heap after
{Heap after GC invocations=229 (full 3):
 PSYoungGen      total 13312K, used 991K [0x00000000d5580000, 0x00000000d6980000, 0x0000000100000000)
  eden space 12288K, 0% used [0x00000000d5580000,0x00000000d5580000,0x00000000d6180000)
  from space 1024K, 96% used [0x00000000d6880000,0x00000000d6977fc0,0x00000000d6980000)
  to   space 1536K, 0% used [0x00000000d6680000,0x00000000d6680000,0x00000000d6800000)
 ParOldGen       total 195072K, used 194925K [0x0000000080000000, 0x000000008be80000, 0x00000000d5580000)
  object space 195072K, 99% used [0x0000000080000000,0x000000008be5b4c8,0x000000008be80000)
 Metaspace       used 72220K, committed 73920K, reserved 1179648K
  class space    used 7669K, committed 8384K, reserved 1048576K
}
Event: 98.684 GC heap before
{Heap before GC invocations=230 (full 3):
 PSYoungGen      total 13312K, used 13279K [0x00000000d5580000, 0x00000000d6980000, 0x0000000100000000)
  eden space 12288K, 100% used [0x00000000d5580000,0x00000000d6180000,0x00000000d6180000)
  from space 1024K, 96% used [0x00000000d6880000,0x00000000d6977fc0,0x00000000d6980000)
  to   space 1536K, 0% used [0x00000000d6680000,0x00000000d6680000,0x00000000d6800000)
 ParOldGen       total 195072K, used 194925K [0x0000000080000000, 0x000000008be80000, 0x00000000d5580000)
  object space 195072K, 99% used [0x0000000080000000,0x000000008be5b4c8,0x000000008be80000)
 Metaspace       used 72516K, committed 74240K, reserved 1179648K
  class space    used 7688K, committed 8448K, reserved 1048576K
}
Event: 98.688 GC heap after
{Heap after GC invocations=230 (full 3):
 PSYoungGen      total 13824K, used 825K [0x00000000d5580000, 0x00000000d6900000, 0x0000000100000000)
  eden space 12288K, 0% used [0x00000000d5580000,0x00000000d5580000,0x00000000d6180000)
  from space 1536K, 53% used [0x00000000d6680000,0x00000000d674e640,0x00000000d6800000)
  to   space 1024K, 0% used [0x00000000d6800000,0x00000000d6800000,0x00000000d6900000)
 ParOldGen       total 196096K, used 195704K [0x0000000080000000, 0x000000008bf80000, 0x00000000d5580000)
  object space 196096K, 99% used [0x0000000080000000,0x000000008bf1e368,0x000000008bf80000)
 Metaspace       used 72516K, committed 74240K, reserved 1179648K
  class space    used 7688K, committed 8448K, reserved 1048576K
}
Event: 99.156 GC heap before
{Heap before GC invocations=231 (full 3):
 PSYoungGen      total 13824K, used 13113K [0x00000000d5580000, 0x00000000d6900000, 0x0000000100000000)
  eden space 12288K, 100% used [0x00000000d5580000,0x00000000d6180000,0x00000000d6180000)
  from space 1536K, 53% used [0x00000000d6680000,0x00000000d674e640,0x00000000d6800000)
  to   space 1024K, 0% used [0x00000000d6800000,0x00000000d6800000,0x00000000d6900000)
 ParOldGen       total 196096K, used 195704K [0x0000000080000000, 0x000000008bf80000, 0x00000000d5580000)
  object space 196096K, 99% used [0x0000000080000000,0x000000008bf1e368,0x000000008bf80000)
 Metaspace       used 73172K, committed 74880K, reserved 1179648K
  class space    used 7761K, committed 8512K, reserved 1048576K
}
Event: 99.160 GC heap after
{Heap after GC invocations=231 (full 3):
 PSYoungGen      total 13312K, used 1024K [0x00000000d5580000, 0x00000000d6900000, 0x0000000100000000)
  eden space 12288K, 0% used [0x00000000d5580000,0x00000000d5580000,0x00000000d6180000)
  from space 1024K, 100% used [0x00000000d6800000,0x00000000d6900000,0x00000000d6900000)
  to   space 3072K, 0% used [0x00000000d6300000,0x00000000d6300000,0x00000000d6600000)
 ParOldGen       total 197632K, used 197139K [0x0000000080000000, 0x000000008c100000, 0x00000000d5580000)
  object space 197632K, 99% used [0x0000000080000000,0x000000008c084f10,0x000000008c100000)
 Metaspace       used 73172K, committed 74880K, reserved 1179648K
  class space    used 7761K, committed 8512K, reserved 1048576K
}
Event: 99.627 GC heap before
{Heap before GC invocations=232 (full 3):
 PSYoungGen      total 13312K, used 13312K [0x00000000d5580000, 0x00000000d6900000, 0x0000000100000000)
  eden space 12288K, 100% used [0x00000000d5580000,0x00000000d6180000,0x00000000d6180000)
  from space 1024K, 100% used [0x00000000d6800000,0x00000000d6900000,0x00000000d6900000)
  to   space 3072K, 0% used [0x00000000d6300000,0x00000000d6300000,0x00000000d6600000)
 ParOldGen       total 197632K, used 197139K [0x0000000080000000, 0x000000008c100000, 0x00000000d5580000)
  object space 197632K, 99% used [0x0000000080000000,0x000000008c084f10,0x000000008c100000)
 Metaspace       used 73738K, committed 75456K, reserved 1179648K
  class space    used 7775K, committed 8512K, reserved 1048576K
}
Event: 99.631 GC heap after
{Heap after GC invocations=232 (full 3):
 PSYoungGen      total 15360K, used 2104K [0x00000000d5580000, 0x00000000d6880000, 0x0000000100000000)
  eden space 12288K, 0% used [0x00000000d5580000,0x00000000d5580000,0x00000000d6180000)
  from space 3072K, 68% used [0x00000000d6300000,0x00000000d650e1f0,0x00000000d6600000)
  to   space 2560K, 0% used [0x00000000d6600000,0x00000000d6600000,0x00000000d6880000)
 ParOldGen       total 198656K, used 198156K [0x0000000080000000, 0x000000008c200000, 0x00000000d5580000)
  object space 198656K, 99% used [0x0000000080000000,0x000000008c183070,0x000000008c200000)
 Metaspace       used 73738K, committed 75456K, reserved 1179648K
  class space    used 7775K, committed 8512K, reserved 1048576K
}
Event: 100.031 GC heap before
{Heap before GC invocations=233 (full 3):
 PSYoungGen      total 15360K, used 14310K [0x00000000d5580000, 0x00000000d6880000, 0x0000000100000000)
  eden space 12288K, 99% used [0x00000000d5580000,0x00000000d616b738,0x00000000d6180000)
  from space 3072K, 68% used [0x00000000d6300000,0x00000000d650e1f0,0x00000000d6600000)
  to   space 2560K, 0% used [0x00000000d6600000,0x00000000d6600000,0x00000000d6880000)
 ParOldGen       total 198656K, used 198156K [0x0000000080000000, 0x000000008c200000, 0x00000000d5580000)
  object space 198656K, 99% used [0x0000000080000000,0x000000008c183070,0x000000008c200000)
 Metaspace       used 73990K, committed 75648K, reserved 1179648K
  class space    used 7785K, committed 8512K, reserved 1048576K
}
Event: 100.040 GC heap after
{Heap after GC invocations=233 (full 3):
 PSYoungGen      total 11776K, used 2555K [0x00000000d5580000, 0x00000000d7080000, 0x0000000100000000)
  eden space 9216K, 0% used [0x00000000d5580000,0x00000000d5580000,0x00000000d5e80000)
  from space 2560K, 99% used [0x00000000d6600000,0x00000000d687ed68,0x00000000d6880000)
  to   space 7680K, 0% used [0x00000000d5e80000,0x00000000d5e80000,0x00000000d6600000)
 ParOldGen       total 202752K, used 202245K [0x0000000080000000, 0x000000008c600000, 0x00000000d5580000)
  object space 202752K, 99% used [0x0000000080000000,0x000000008c581738,0x000000008c600000)
 Metaspace       used 73990K, committed 75648K, reserved 1179648K
  class space    used 7785K, committed 8512K, reserved 1048576K
}
Event: 100.288 GC heap before
{Heap before GC invocations=234 (full 3):
 PSYoungGen      total 11776K, used 11771K [0x00000000d5580000, 0x00000000d7080000, 0x0000000100000000)
  eden space 9216K, 100% used [0x00000000d5580000,0x00000000d5e80000,0x00000000d5e80000)
  from space 2560K, 99% used [0x00000000d6600000,0x00000000d687ed68,0x00000000d6880000)
  to   space 7680K, 0% used [0x00000000d5e80000,0x00000000d5e80000,0x00000000d6600000)
 ParOldGen       total 202752K, used 202245K [0x0000000080000000, 0x000000008c600000, 0x00000000d5580000)
  object space 202752K, 99% used [0x0000000080000000,0x000000008c581738,0x000000008c600000)
 Metaspace       used 74025K, committed 75712K, reserved 1179648K
  class space    used 7787K, committed 8512K, reserved 1048576K
}
Event: 100.294 GC heap after
{Heap after GC invocations=234 (full 3):
 PSYoungGen      total 10752K, used 1184K [0x00000000d5580000, 0x00000000d6680000, 0x0000000100000000)
  eden space 9216K, 0% used [0x00000000d5580000,0x00000000d5580000,0x00000000d5e80000)
  from space 1536K, 77% used [0x00000000d5e80000,0x00000000d5fa8000,0x00000000d6000000)
  to   space 3584K, 0% used [0x00000000d6300000,0x00000000d6300000,0x00000000d6680000)
 ParOldGen       total 202752K, used 202533K [0x0000000080000000, 0x000000008c600000, 0x00000000d5580000)
  object space 202752K, 99% used [0x0000000080000000,0x000000008c5c9738,0x000000008c600000)
 Metaspace       used 74025K, committed 75712K, reserved 1179648K
  class space    used 7787K, committed 8512K, reserved 1048576K
}
Event: 100.466 GC heap before
{Heap before GC invocations=235 (full 3):
 PSYoungGen      total 10752K, used 10400K [0x00000000d5580000, 0x00000000d6680000, 0x0000000100000000)
  eden space 9216K, 100% used [0x00000000d5580000,0x00000000d5e80000,0x00000000d5e80000)
  from space 1536K, 77% used [0x00000000d5e80000,0x00000000d5fa8000,0x00000000d6000000)
  to   space 3584K, 0% used [0x00000000d6300000,0x00000000d6300000,0x00000000d6680000)
 ParOldGen       total 202752K, used 202533K [0x0000000080000000, 0x000000008c600000, 0x00000000d5580000)
  object space 202752K, 99% used [0x0000000080000000,0x000000008c5c9738,0x000000008c600000)
 Metaspace       used 74200K, committed 75968K, reserved 1179648K
  class space    used 7810K, committed 8576K, reserved 1048576K
}
Event: 100.470 GC heap after
{Heap after GC invocations=235 (full 3):
 PSYoungGen      total 9728K, used 512K [0x00000000d5580000, 0x00000000d6380000, 0x0000000100000000)
  eden space 9216K, 0% used [0x00000000d5580000,0x00000000d5580000,0x00000000d5e80000)
  from space 512K, 100% used [0x00000000d6300000,0x00000000d6380000,0x00000000d6380000)
  to   space 1536K, 0% used [0x00000000d6080000,0x00000000d6080000,0x00000000d6200000)
 ParOldGen       total 203776K, used 203289K [0x0000000080000000, 0x000000008c700000, 0x00000000d5580000)
  object space 203776K, 99% used [0x0000000080000000,0x000000008c686748,0x000000008c700000)
 Metaspace       used 74200K, committed 75968K, reserved 1179648K
  class space    used 7810K, committed 8576K, reserved 1048576K
}
Event: 257.962 GC heap before
{Heap before GC invocations=236 (full 3):
 PSYoungGen      total 9728K, used 9727K [0x00000000d5580000, 0x00000000d6380000, 0x0000000100000000)
  eden space 9216K, 99% used [0x00000000d5580000,0x00000000d5e7ffe8,0x00000000d5e80000)
  from space 512K, 100% used [0x00000000d6300000,0x00000000d6380000,0x00000000d6380000)
  to   space 1536K, 0% used [0x00000000d6080000,0x00000000d6080000,0x00000000d6200000)
 ParOldGen       total 203776K, used 203289K [0x0000000080000000, 0x000000008c700000, 0x00000000d5580000)
  object space 203776K, 99% used [0x0000000080000000,0x000000008c686748,0x000000008c700000)
 Metaspace       used 74682K, committed 76480K, reserved 1179648K
  class space    used 7846K, committed 8704K, reserved 1048576K
}
Event: 257.966 GC heap after
{Heap after GC invocations=236 (full 3):
 PSYoungGen      total 10752K, used 479K [0x00000000d5580000, 0x00000000d6380000, 0x0000000100000000)
  eden space 9216K, 0% used [0x00000000d5580000,0x00000000d5580000,0x00000000d5e80000)
  from space 1536K, 31% used [0x00000000d6080000,0x00000000d60f7d40,0x00000000d6200000)
  to   space 1024K, 0% used [0x00000000d6280000,0x00000000d6280000,0x00000000d6380000)
 ParOldGen       total 203776K, used 203729K [0x0000000080000000, 0x000000008c700000, 0x00000000d5580000)
  object space 203776K, 99% used [0x0000000080000000,0x000000008c6f4748,0x000000008c700000)
 Metaspace       used 74682K, committed 76480K, reserved 1179648K
  class space    used 7846K, committed 8704K, reserved 1048576K
}
Event: 258.113 GC heap before
{Heap before GC invocations=237 (full 3):
 PSYoungGen      total 10752K, used 9691K [0x00000000d5580000, 0x00000000d6380000, 0x0000000100000000)
  eden space 9216K, 99% used [0x00000000d5580000,0x00000000d5e7f220,0x00000000d5e80000)
  from space 1536K, 31% used [0x00000000d6080000,0x00000000d60f7d40,0x00000000d6200000)
  to   space 1024K, 0% used [0x00000000d6280000,0x00000000d6280000,0x00000000d6380000)
 ParOldGen       total 203776K, used 203729K [0x0000000080000000, 0x000000008c700000, 0x00000000d5580000)
  object space 203776K, 99% used [0x0000000080000000,0x000000008c6f4748,0x000000008c700000)
 Metaspace       used 74683K, committed 76480K, reserved 1179648K
  class space    used 7846K, committed 8704K, reserved 1048576K
}
Event: 258.116 GC heap after
{Heap after GC invocations=237 (full 3):
 PSYoungGen      total 7168K, used 1021K [0x00000000d5580000, 0x00000000d6c80000, 0x0000000100000000)
  eden space 6144K, 0% used [0x00000000d5580000,0x00000000d5580000,0x00000000d5b80000)
  from space 1024K, 99% used [0x00000000d6280000,0x00000000d637f7e8,0x00000000d6380000)
  to   space 7168K, 0% used [0x00000000d5b80000,0x00000000d5b80000,0x00000000d6280000)
 ParOldGen       total 208896K, used 208681K [0x0000000080000000, 0x000000008cc00000, 0x00000000d5580000)
  object space 208896K, 99% used [0x0000000080000000,0x000000008cbca520,0x000000008cc00000)
 Metaspace       used 74683K, committed 76480K, reserved 1179648K
  class space    used 7846K, committed 8704K, reserved 1048576K
}
Event: 258.232 GC heap before
{Heap before GC invocations=238 (full 3):
 PSYoungGen      total 7168K, used 7133K [0x00000000d5580000, 0x00000000d6c80000, 0x0000000100000000)
  eden space 6144K, 99% used [0x00000000d5580000,0x00000000d5b77f80,0x00000000d5b80000)
  from space 1024K, 99% used [0x00000000d6280000,0x00000000d637f7e8,0x00000000d6380000)
  to   space 7168K, 0% used [0x00000000d5b80000,0x00000000d5b80000,0x00000000d6280000)
 ParOldGen       total 208896K, used 208681K [0x0000000080000000, 0x000000008cc00000, 0x00000000d5580000)
  object space 208896K, 99% used [0x0000000080000000,0x000000008cbca520,0x000000008cc00000)
 Metaspace       used 74693K, committed 76480K, reserved 1179648K
  class space    used 7846K, committed 8704K, reserved 1048576K
}
Event: 258.236 GC heap after
{Heap after GC invocations=238 (full 3):
 PSYoungGen      total 10752K, used 4253K [0x00000000d5580000, 0x00000000d6580000, 0x0000000100000000)
  eden space 6144K, 0% used [0x00000000d5580000,0x00000000d5580000,0x00000000d5b80000)
  from space 4608K, 92% used [0x00000000d5b80000,0x00000000d5fa7560,0x00000000d6000000)
  to   space 5120K, 0% used [0x00000000d6080000,0x00000000d6080000,0x00000000d6580000)
 ParOldGen       total 209920K, used 209723K [0x0000000080000000, 0x000000008cd00000, 0x00000000d5580000)
  object space 209920K, 99% used [0x0000000080000000,0x000000008cccec30,0x000000008cd00000)
 Metaspace       used 74693K, committed 76480K, reserved 1179648K
  class space    used 7846K, committed 8704K, reserved 1048576K
}

