# JRE version: OpenJDK Runtime Environment Temurin-21.0.8+9 (21.0.8+9) (build 21.0.8+9-LTS)
# Java VM: OpenJDK 64-Bit Server VM Temurin-21.0.8+9 (21.0.8+9-LTS, mixed mode, sharing, tiered, compressed oops, compressed class ptrs, parallel gc, windows-amd64)
GC Precious Log:
 CardTable entry size: 512
 CPUs: 8 total, 8 available
 Memory: 32643M
 Large Page Support: Disabled
 NUMA Support: Disabled
 Compressed Oops: Enabled (32-bit)
 Alignments: Space 512K, Generation 512K, Heap 2M
 Heap Min Capacity: 100M
 Heap Initial Capacity: 100M
 Heap Max Capacity: 2G
 Pre-touch: Disabled
 Parallel Workers: 8
Heap:
 PSYoungGen      total 15872K, used 14229K [0x00000000d5580000, 0x00000000d6600000, 0x0000000100000000)
  eden space 14848K, 89% used [0x00000000d5580000,0x00000000d6280228,0x00000000d6400000)
  from space 1024K, 89% used [0x00000000d6500000,0x00000000d65e5240,0x00000000d6600000)
  to   space 1024K, 0% used [0x00000000d6400000,0x00000000d6400000,0x00000000d6500000)
 ParOldGen       total 77824K, used 76404K [0x0000000080000000, 0x0000000084c00000, 0x00000000d5580000)
  object space 77824K, 98% used [0x0000000080000000,0x0000000084a9d368,0x0000000084c00000)
 Metaspace       used 66321K, committed 67904K, reserved 1114112K
  class space    used 7109K, committed 7808K, reserved 1048576K
GC Heap History (20 events):
Event: 63.822 GC heap before
{Heap before GC invocations=88 (full 3):
 PSYoungGen      total 16896K, used 16404K [0x00000000d5580000, 0x00000000d6780000, 0x0000000100000000)
  eden space 15872K, 100% used [0x00000000d5580000,0x00000000d6500000,0x00000000d6500000)
  from space 1024K, 52% used [0x00000000d6680000,0x00000000d67053e8,0x00000000d6780000)
  to   space 1024K, 0% used [0x00000000d6580000,0x00000000d6580000,0x00000000d6680000)
 ParOldGen       total 77824K, used 71872K [0x0000000080000000, 0x0000000084c00000, 0x00000000d5580000)
  object space 77824K, 92% used [0x0000000080000000,0x0000000084630018,0x0000000084c00000)
 Metaspace       used 61237K, committed 62720K, reserved 1114112K
  class space    used 6619K, committed 7296K, reserved 1048576K
}
Event: 63.824 GC heap after
{Heap after GC invocations=88 (full 3):
 PSYoungGen      total 16896K, used 352K [0x00000000d5580000, 0x00000000d6700000, 0x0000000100000000)
  eden space 15872K, 0% used [0x00000000d5580000,0x00000000d5580000,0x00000000d6500000)
  from space 1024K, 34% used [0x00000000d6580000,0x00000000d65d8000,0x00000000d6680000)
  to   space 512K, 0% used [0x00000000d6680000,0x00000000d6680000,0x00000000d6700000)
 ParOldGen       total 77824K, used 72244K [0x0000000080000000, 0x0000000084c00000, 0x00000000d5580000)
  object space 77824K, 92% used [0x0000000080000000,0x000000008468d278,0x0000000084c00000)
 Metaspace       used 61237K, committed 62720K, reserved 1114112K
  class space    used 6619K, committed 7296K, reserved 1048576K
}
Event: 64.386 GC heap before
{Heap before GC invocations=89 (full 3):
 PSYoungGen      total 16896K, used 16224K [0x00000000d5580000, 0x00000000d6700000, 0x0000000100000000)
  eden space 15872K, 100% used [0x00000000d5580000,0x00000000d6500000,0x00000000d6500000)
  from space 1024K, 34% used [0x00000000d6580000,0x00000000d65d8000,0x00000000d6680000)
  to   space 512K, 0% used [0x00000000d6680000,0x00000000d6680000,0x00000000d6700000)
 ParOldGen       total 77824K, used 72244K [0x0000000080000000, 0x0000000084c00000, 0x00000000d5580000)
  object space 77824K, 92% used [0x0000000080000000,0x000000008468d278,0x0000000084c00000)
 Metaspace       used 62417K, committed 63808K, reserved 1114112K
  class space    used 6750K, committed 7360K, reserved 1048576K
}
Event: 64.388 GC heap after
{Heap after GC invocations=89 (full 3):
 PSYoungGen      total 16384K, used 512K [0x00000000d5580000, 0x00000000d6700000, 0x0000000100000000)
  eden space 15872K, 0% used [0x00000000d5580000,0x00000000d5580000,0x00000000d6500000)
  from space 512K, 100% used [0x00000000d6680000,0x00000000d6700000,0x00000000d6700000)
  to   space 1024K, 0% used [0x00000000d6500000,0x00000000d6500000,0x00000000d6600000)
 ParOldGen       total 77824K, used 72548K [0x0000000080000000, 0x0000000084c00000, 0x00000000d5580000)
  object space 77824K, 93% used [0x0000000080000000,0x00000000846d9278,0x0000000084c00000)
 Metaspace       used 62417K, committed 63808K, reserved 1114112K
  class space    used 6750K, committed 7360K, reserved 1048576K
}
Event: 67.246 GC heap before
{Heap before GC invocations=90 (full 3):
 PSYoungGen      total 16384K, used 16332K [0x00000000d5580000, 0x00000000d6700000, 0x0000000100000000)
  eden space 15872K, 99% used [0x00000000d5580000,0x00000000d64f3178,0x00000000d6500000)
  from space 512K, 100% used [0x00000000d6680000,0x00000000d6700000,0x00000000d6700000)
  to   space 1024K, 0% used [0x00000000d6500000,0x00000000d6500000,0x00000000d6600000)
 ParOldGen       total 77824K, used 72548K [0x0000000080000000, 0x0000000084c00000, 0x00000000d5580000)
  object space 77824K, 93% used [0x0000000080000000,0x00000000846d9278,0x0000000084c00000)
 Metaspace       used 63454K, committed 64832K, reserved 1114112K
  class space    used 6874K, committed 7488K, reserved 1048576K
}
Event: 67.248 GC heap after
{Heap after GC invocations=90 (full 3):
 PSYoungGen      total 16896K, used 1006K [0x00000000d5580000, 0x00000000d6900000, 0x0000000100000000)
  eden space 15872K, 0% used [0x00000000d5580000,0x00000000d5580000,0x00000000d6500000)
  from space 1024K, 98% used [0x00000000d6500000,0x00000000d65fba10,0x00000000d6600000)
  to   space 2048K, 0% used [0x00000000d6700000,0x00000000d6700000,0x00000000d6900000)
 ParOldGen       total 77824K, used 73113K [0x0000000080000000, 0x0000000084c00000, 0x00000000d5580000)
  object space 77824K, 93% used [0x0000000080000000,0x0000000084766690,0x0000000084c00000)
 Metaspace       used 63454K, committed 64832K, reserved 1114112K
  class space    used 6874K, committed 7488K, reserved 1048576K
}
Event: 67.352 GC heap before
{Heap before GC invocations=91 (full 3):
 PSYoungGen      total 16896K, used 16867K [0x00000000d5580000, 0x00000000d6900000, 0x0000000100000000)
  eden space 15872K, 99% used [0x00000000d5580000,0x00000000d64fd288,0x00000000d6500000)
  from space 1024K, 98% used [0x00000000d6500000,0x00000000d65fba10,0x00000000d6600000)
  to   space 2048K, 0% used [0x00000000d6700000,0x00000000d6700000,0x00000000d6900000)
 ParOldGen       total 77824K, used 73113K [0x0000000080000000, 0x0000000084c00000, 0x00000000d5580000)
  object space 77824K, 93% used [0x0000000080000000,0x0000000084766690,0x0000000084c00000)
 Metaspace       used 63468K, committed 64896K, reserved 1114112K
  class space    used 6874K, committed 7488K, reserved 1048576K
}
Event: 67.354 GC heap after
{Heap after GC invocations=91 (full 3):
 PSYoungGen      total 17408K, used 1084K [0x00000000d5580000, 0x00000000d6880000, 0x0000000100000000)
  eden space 15872K, 0% used [0x00000000d5580000,0x00000000d5580000,0x00000000d6500000)
  from space 1536K, 70% used [0x00000000d6700000,0x00000000d680f2c0,0x00000000d6880000)
  to   space 1536K, 0% used [0x00000000d6580000,0x00000000d6580000,0x00000000d6700000)
 ParOldGen       total 77824K, used 74088K [0x0000000080000000, 0x0000000084c00000, 0x00000000d5580000)
  object space 77824K, 95% used [0x0000000080000000,0x000000008485a0a0,0x0000000084c00000)
 Metaspace       used 63468K, committed 64896K, reserved 1114112K
  class space    used 6874K, committed 7488K, reserved 1048576K
}
Event: 67.677 GC heap before
{Heap before GC invocations=92 (full 3):
 PSYoungGen      total 17408K, used 16094K [0x00000000d5580000, 0x00000000d6880000, 0x0000000100000000)
  eden space 15872K, 94% used [0x00000000d5580000,0x00000000d6428608,0x00000000d6500000)
  from space 1536K, 70% used [0x00000000d6700000,0x00000000d680f2c0,0x00000000d6880000)
  to   space 1536K, 0% used [0x00000000d6580000,0x00000000d6580000,0x00000000d6700000)
 ParOldGen       total 77824K, used 74088K [0x0000000080000000, 0x0000000084c00000, 0x00000000d5580000)
  object space 77824K, 95% used [0x0000000080000000,0x000000008485a0a0,0x0000000084c00000)
 Metaspace       used 63560K, committed 65024K, reserved 1114112K
  class space    used 6887K, committed 7488K, reserved 1048576K
}
Event: 67.678 GC heap after
{Heap after GC invocations=92 (full 3):
 PSYoungGen      total 16384K, used 224K [0x00000000d5580000, 0x00000000d6780000, 0x0000000100000000)
  eden space 15872K, 0% used [0x00000000d5580000,0x00000000d5580000,0x00000000d6500000)
  from space 512K, 43% used [0x00000000d6580000,0x00000000d65b8000,0x00000000d6600000)
  to   space 1024K, 0% used [0x00000000d6680000,0x00000000d6680000,0x00000000d6780000)
 ParOldGen       total 77824K, used 74216K [0x0000000080000000, 0x0000000084c00000, 0x00000000d5580000)
  object space 77824K, 95% used [0x0000000080000000,0x000000008487a0c0,0x0000000084c00000)
 Metaspace       used 63560K, committed 65024K, reserved 1114112K
  class space    used 6887K, committed 7488K, reserved 1048576K
}
Event: 68.013 GC heap before
{Heap before GC invocations=93 (full 3):
 PSYoungGen      total 16384K, used 16073K [0x00000000d5580000, 0x00000000d6780000, 0x0000000100000000)
  eden space 15872K, 99% used [0x00000000d5580000,0x00000000d64fa778,0x00000000d6500000)
  from space 512K, 43% used [0x00000000d6580000,0x00000000d65b8000,0x00000000d6600000)
  to   space 1024K, 0% used [0x00000000d6680000,0x00000000d6680000,0x00000000d6780000)
 ParOldGen       total 77824K, used 74216K [0x0000000080000000, 0x0000000084c00000, 0x00000000d5580000)
  object space 77824K, 95% used [0x0000000080000000,0x000000008487a0c0,0x0000000084c00000)
 Metaspace       used 64128K, committed 65600K, reserved 1114112K
  class space    used 6912K, committed 7552K, reserved 1048576K
}
Event: 68.016 GC heap after
{Heap after GC invocations=93 (full 3):
 PSYoungGen      total 15872K, used 1018K [0x00000000d5580000, 0x00000000d6a00000, 0x0000000100000000)
  eden space 14848K, 0% used [0x00000000d5580000,0x00000000d5580000,0x00000000d6400000)
  from space 1024K, 99% used [0x00000000d6680000,0x00000000d677e968,0x00000000d6780000)
  to   space 2560K, 0% used [0x00000000d6400000,0x00000000d6400000,0x00000000d6680000)
 ParOldGen       total 77824K, used 75110K [0x0000000080000000, 0x0000000084c00000, 0x00000000d5580000)
  object space 77824K, 96% used [0x0000000080000000,0x0000000084959a88,0x0000000084c00000)
 Metaspace       used 64128K, committed 65600K, reserved 1114112K
  class space    used 6912K, committed 7552K, reserved 1048576K
}
Event: 68.099 GC heap before
{Heap before GC invocations=94 (full 3):
 PSYoungGen      total 15872K, used 15866K [0x00000000d5580000, 0x00000000d6a00000, 0x0000000100000000)
  eden space 14848K, 100% used [0x00000000d5580000,0x00000000d6400000,0x00000000d6400000)
  from space 1024K, 99% used [0x00000000d6680000,0x00000000d677e968,0x00000000d6780000)
  to   space 2560K, 0% used [0x00000000d6400000,0x00000000d6400000,0x00000000d6680000)
 ParOldGen       total 77824K, used 75110K [0x0000000080000000, 0x0000000084c00000, 0x00000000d5580000)
  object space 77824K, 96% used [0x0000000080000000,0x0000000084959a88,0x0000000084c00000)
 Metaspace       used 64149K, committed 65600K, reserved 1114112K
  class space    used 6912K, committed 7552K, reserved 1048576K
}
Event: 68.101 GC heap after
{Heap after GC invocations=94 (full 3):
 PSYoungGen      total 16384K, used 1237K [0x00000000d5580000, 0x00000000d6700000, 0x0000000100000000)
  eden space 14848K, 0% used [0x00000000d5580000,0x00000000d5580000,0x00000000d6400000)
  from space 1536K, 80% used [0x00000000d6400000,0x00000000d6535418,0x00000000d6580000)
  to   space 1536K, 0% used [0x00000000d6580000,0x00000000d6580000,0x00000000d6700000)
 ParOldGen       total 77824K, used 75787K [0x0000000080000000, 0x0000000084c00000, 0x00000000d5580000)
  object space 77824K, 97% used [0x0000000080000000,0x0000000084a02cf0,0x0000000084c00000)
 Metaspace       used 64149K, committed 65600K, reserved 1114112K
  class space    used 6912K, committed 7552K, reserved 1048576K
}
Event: 68.188 GC heap before
{Heap before GC invocations=95 (full 3):
 PSYoungGen      total 16384K, used 16085K [0x00000000d5580000, 0x00000000d6700000, 0x0000000100000000)
  eden space 14848K, 100% used [0x00000000d5580000,0x00000000d6400000,0x00000000d6400000)
  from space 1536K, 80% used [0x00000000d6400000,0x00000000d6535418,0x00000000d6580000)
  to   space 1536K, 0% used [0x00000000d6580000,0x00000000d6580000,0x00000000d6700000)
 ParOldGen       total 77824K, used 75787K [0x0000000080000000, 0x0000000084c00000, 0x00000000d5580000)
  object space 77824K, 97% used [0x0000000080000000,0x0000000084a02cf0,0x0000000084c00000)
 Metaspace       used 64158K, committed 65664K, reserved 1114112K
  class space    used 6912K, committed 7552K, reserved 1048576K
}
Event: 68.191 GC heap after
{Heap after GC invocations=95 (full 3):
 PSYoungGen      total 16384K, used 1023K [0x00000000d5580000, 0x00000000d6700000, 0x0000000100000000)
  eden space 14848K, 0% used [0x00000000d5580000,0x00000000d5580000,0x00000000d6400000)
  from space 1536K, 66% used [0x00000000d6580000,0x00000000d667fe68,0x00000000d6700000)
  to   space 1536K, 0% used [0x00000000d6400000,0x00000000d6400000,0x00000000d6580000)
 ParOldGen       total 77824K, used 75988K [0x0000000080000000, 0x0000000084c00000, 0x00000000d5580000)
  object space 77824K, 97% used [0x0000000080000000,0x0000000084a35368,0x0000000084c00000)
 Metaspace       used 64158K, committed 65664K, reserved 1114112K
  class space    used 6912K, committed 7552K, reserved 1048576K
}
Event: 68.742 GC heap before
{Heap before GC invocations=96 (full 3):
 PSYoungGen      total 16384K, used 15871K [0x00000000d5580000, 0x00000000d6700000, 0x0000000100000000)
  eden space 14848K, 100% used [0x00000000d5580000,0x00000000d6400000,0x00000000d6400000)
  from space 1536K, 66% used [0x00000000d6580000,0x00000000d667fe68,0x00000000d6700000)
  to   space 1536K, 0% used [0x00000000d6400000,0x00000000d6400000,0x00000000d6580000)
 ParOldGen       total 77824K, used 75988K [0x0000000080000000, 0x0000000084c00000, 0x00000000d5580000)
  object space 77824K, 97% used [0x0000000080000000,0x0000000084a35368,0x0000000084c00000)
 Metaspace       used 65861K, committed 67328K, reserved 1114112K
  class space    used 7080K, committed 7744K, reserved 1048576K
}
Event: 68.745 GC heap after
{Heap after GC invocations=96 (full 3):
 PSYoungGen      total 15360K, used 512K [0x00000000d5580000, 0x00000000d6600000, 0x0000000100000000)
  eden space 14848K, 0% used [0x00000000d5580000,0x00000000d5580000,0x00000000d6400000)
  from space 512K, 100% used [0x00000000d6400000,0x00000000d6480000,0x00000000d6480000)
  to   space 1024K, 0% used [0x00000000d6500000,0x00000000d6500000,0x00000000d6600000)
 ParOldGen       total 77824K, used 76020K [0x0000000080000000, 0x0000000084c00000, 0x00000000d5580000)
  object space 77824K, 97% used [0x0000000080000000,0x0000000084a3d368,0x0000000084c00000)
 Metaspace       used 65861K, committed 67328K, reserved 1114112K
  class space    used 7080K, committed 7744K, reserved 1048576K
}
Event: 2130.014 GC heap before
{Heap before GC invocations=97 (full 3):
 PSYoungGen      total 15360K, used 15360K [0x00000000d5580000, 0x00000000d6600000, 0x0000000100000000)
  eden space 14848K, 100% used [0x00000000d5580000,0x00000000d6400000,0x00000000d6400000)
  from space 512K, 100% used [0x00000000d6400000,0x00000000d6480000,0x00000000d6480000)
  to   space 1024K, 0% used [0x00000000d6500000,0x00000000d6500000,0x00000000d6600000)
 ParOldGen       total 77824K, used 76020K [0x0000000080000000, 0x0000000084c00000, 0x00000000d5580000)
  object space 77824K, 97% used [0x0000000080000000,0x0000000084a3d368,0x0000000084c00000)
 Metaspace       used 66265K, committed 67840K, reserved 1114112K
  class space    used 7109K, committed 7808K, reserved 1048576K
}
Event: 2130.019 GC heap after
{Heap after GC invocations=97 (full 3):
 PSYoungGen      total 15872K, used 916K [0x00000000d5580000, 0x00000000d6600000, 0x0000000100000000)
  eden space 14848K, 0% used [0x00000000d5580000,0x00000000d5580000,0x00000000d6400000)
  from space 1024K, 89% used [0x00000000d6500000,0x00000000d65e5240,0x00000000d6600000)
  to   space 1024K, 0% used [0x00000000d6400000,0x00000000d6400000,0x00000000d6500000)
 ParOldGen       total 77824K, used 76404K [0x0000000080000000, 0x0000000084c00000, 0x00000000d5580000)
  object space 77824K, 98% used [0x0000000080000000,0x0000000084a9d368,0x0000000084c00000)
 Metaspace       used 66265K, committed 67840K, reserved 1114112K
  class space    used 7109K, committed 7808K, reserved 1048576K
}

