# JRE version: OpenJDK Runtime Environment Temurin-21.0.8+9 (21.0.8+9) (build 21.0.8+9-LTS)
# Java VM: OpenJDK 64-Bit Server VM Temurin-21.0.8+9 (21.0.8+9-LTS, mixed mode, sharing, tiered, compressed oops, compressed class ptrs, parallel gc, windows-amd64)
GC Precious Log:
 CardTable entry size: 512
 CPUs: 8 total, 8 available
 Memory: 32643M
 Large Page Support: Disabled
 NUMA Support: Disabled
 Compressed Oops: Enabled (32-bit)
 Alignments: Space 512K, Generation 512K, Heap 2M
 Heap Min Capacity: 100M
 Heap Initial Capacity: 100M
 Heap Max Capacity: 2G
 Pre-touch: Disabled
 Parallel Workers: 8
Heap:
 PSYoungGen      total 9728K, used 710K [0x00000000d5580000, 0x00000000d6080000, 0x0000000100000000)
  eden space 9216K, 2% used [0x00000000d5580000,0x00000000d55c1920,0x00000000d5e80000)
  from space 512K, 87% used [0x00000000d6000000,0x00000000d6070000,0x00000000d6080000)
  to   space 512K, 0% used [0x00000000d5f80000,0x00000000d5f80000,0x00000000d6000000)
 ParOldGen       total 97280K, used 84647K [0x0000000080000000, 0x0000000085f00000, 0x00000000d5580000)
  object space 97280K, 87% used [0x0000000080000000,0x00000000852a9cc0,0x0000000085f00000)
 Metaspace       used 67457K, committed 68864K, reserved 1114112K
  class space    used 7197K, committed 7808K, reserved 1048576K
GC Heap History (20 events):
Event: 71.052 GC heap before
{Heap before GC invocations=138 (full 3):
 PSYoungGen      total 9728K, used 9629K [0x00000000d5580000, 0x00000000d6100000, 0x0000000100000000)
  eden space 9216K, 100% used [0x00000000d5580000,0x00000000d5e80000,0x00000000d5e80000)
  from space 512K, 80% used [0x00000000d6080000,0x00000000d60e76f0,0x00000000d6100000)
  to   space 1024K, 0% used [0x00000000d5f00000,0x00000000d5f00000,0x00000000d6000000)
 ParOldGen       total 97280K, used 81650K [0x0000000080000000, 0x0000000085f00000, 0x00000000d5580000)
  object space 97280K, 83% used [0x0000000080000000,0x0000000084fbc838,0x0000000085f00000)
 Metaspace       used 64599K, committed 66048K, reserved 1114112K
  class space    used 6954K, committed 7616K, reserved 1048576K
}
Event: 71.053 GC heap after
{Heap after GC invocations=138 (full 3):
 PSYoungGen      total 10240K, used 765K [0x00000000d5580000, 0x00000000d6100000, 0x0000000100000000)
  eden space 9216K, 0% used [0x00000000d5580000,0x00000000d5580000,0x00000000d5e80000)
  from space 1024K, 74% used [0x00000000d5f00000,0x00000000d5fbf6a8,0x00000000d6000000)
  to   space 1024K, 0% used [0x00000000d6000000,0x00000000d6000000,0x00000000d6100000)
 ParOldGen       total 97280K, used 81965K [0x0000000080000000, 0x0000000085f00000, 0x00000000d5580000)
  object space 97280K, 84% used [0x0000000080000000,0x000000008500b5f8,0x0000000085f00000)
 Metaspace       used 64599K, committed 66048K, reserved 1114112K
  class space    used 6954K, committed 7616K, reserved 1048576K
}
Event: 71.364 GC heap before
{Heap before GC invocations=139 (full 3):
 PSYoungGen      total 10240K, used 9981K [0x00000000d5580000, 0x00000000d6100000, 0x0000000100000000)
  eden space 9216K, 100% used [0x00000000d5580000,0x00000000d5e80000,0x00000000d5e80000)
  from space 1024K, 74% used [0x00000000d5f00000,0x00000000d5fbf6a8,0x00000000d6000000)
  to   space 1024K, 0% used [0x00000000d6000000,0x00000000d6000000,0x00000000d6100000)
 ParOldGen       total 97280K, used 81965K [0x0000000080000000, 0x0000000085f00000, 0x00000000d5580000)
  object space 97280K, 84% used [0x0000000080000000,0x000000008500b5f8,0x0000000085f00000)
 Metaspace       used 64618K, committed 66112K, reserved 1114112K
  class space    used 6954K, committed 7616K, reserved 1048576K
}
Event: 71.365 GC heap after
{Heap after GC invocations=139 (full 3):
 PSYoungGen      total 10240K, used 958K [0x00000000d5580000, 0x00000000d6100000, 0x0000000100000000)
  eden space 9216K, 0% used [0x00000000d5580000,0x00000000d5580000,0x00000000d5e80000)
  from space 1024K, 93% used [0x00000000d6000000,0x00000000d60efa50,0x00000000d6100000)
  to   space 1024K, 0% used [0x00000000d5f00000,0x00000000d5f00000,0x00000000d6000000)
 ParOldGen       total 97280K, used 82806K [0x0000000080000000, 0x0000000085f00000, 0x00000000d5580000)
  object space 97280K, 85% used [0x0000000080000000,0x00000000850ddac8,0x0000000085f00000)
 Metaspace       used 64618K, committed 66112K, reserved 1114112K
  class space    used 6954K, committed 7616K, reserved 1048576K
}
Event: 71.619 GC heap before
{Heap before GC invocations=140 (full 3):
 PSYoungGen      total 10240K, used 10126K [0x00000000d5580000, 0x00000000d6100000, 0x0000000100000000)
  eden space 9216K, 99% used [0x00000000d5580000,0x00000000d5e73ef0,0x00000000d5e80000)
  from space 1024K, 93% used [0x00000000d6000000,0x00000000d60efa50,0x00000000d6100000)
  to   space 1024K, 0% used [0x00000000d5f00000,0x00000000d5f00000,0x00000000d6000000)
 ParOldGen       total 97280K, used 82806K [0x0000000080000000, 0x0000000085f00000, 0x00000000d5580000)
  object space 97280K, 85% used [0x0000000080000000,0x00000000850ddac8,0x0000000085f00000)
 Metaspace       used 65192K, committed 66624K, reserved 1114112K
  class space    used 6980K, committed 7616K, reserved 1048576K
}
Event: 71.622 GC heap after
{Heap after GC invocations=140 (full 3):
 PSYoungGen      total 10240K, used 1010K [0x00000000d5580000, 0x00000000d6280000, 0x0000000100000000)
  eden space 9216K, 0% used [0x00000000d5580000,0x00000000d5580000,0x00000000d5e80000)
  from space 1024K, 98% used [0x00000000d5f00000,0x00000000d5ffc918,0x00000000d6000000)
  to   space 2048K, 0% used [0x00000000d6080000,0x00000000d6080000,0x00000000d6280000)
 ParOldGen       total 97280K, used 83381K [0x0000000080000000, 0x0000000085f00000, 0x00000000d5580000)
  object space 97280K, 85% used [0x0000000080000000,0x000000008516d640,0x0000000085f00000)
 Metaspace       used 65192K, committed 66624K, reserved 1114112K
  class space    used 6980K, committed 7616K, reserved 1048576K
}
Event: 71.663 GC heap before
{Heap before GC invocations=141 (full 3):
 PSYoungGen      total 10240K, used 10182K [0x00000000d5580000, 0x00000000d6280000, 0x0000000100000000)
  eden space 9216K, 99% used [0x00000000d5580000,0x00000000d5e74f08,0x00000000d5e80000)
  from space 1024K, 98% used [0x00000000d5f00000,0x00000000d5ffc918,0x00000000d6000000)
  to   space 2048K, 0% used [0x00000000d6080000,0x00000000d6080000,0x00000000d6280000)
 ParOldGen       total 97280K, used 83381K [0x0000000080000000, 0x0000000085f00000, 0x00000000d5580000)
  object space 97280K, 85% used [0x0000000080000000,0x000000008516d640,0x0000000085f00000)
 Metaspace       used 65206K, committed 66624K, reserved 1114112K
  class space    used 6980K, committed 7616K, reserved 1048576K
}
Event: 71.665 GC heap after
{Heap after GC invocations=141 (full 3):
 PSYoungGen      total 9728K, used 344K [0x00000000d5580000, 0x00000000d6100000, 0x0000000100000000)
  eden space 9216K, 0% used [0x00000000d5580000,0x00000000d5580000,0x00000000d5e80000)
  from space 512K, 67% used [0x00000000d6080000,0x00000000d60d6188,0x00000000d6100000)
  to   space 1024K, 0% used [0x00000000d5f00000,0x00000000d5f00000,0x00000000d6000000)
 ParOldGen       total 97280K, used 83971K [0x0000000080000000, 0x0000000085f00000, 0x00000000d5580000)
  object space 97280K, 86% used [0x0000000080000000,0x0000000085200d30,0x0000000085f00000)
 Metaspace       used 65206K, committed 66624K, reserved 1114112K
  class space    used 6980K, committed 7616K, reserved 1048576K
}
Event: 71.788 GC heap before
{Heap before GC invocations=142 (full 3):
 PSYoungGen      total 9728K, used 9560K [0x00000000d5580000, 0x00000000d6100000, 0x0000000100000000)
  eden space 9216K, 100% used [0x00000000d5580000,0x00000000d5e80000,0x00000000d5e80000)
  from space 512K, 67% used [0x00000000d6080000,0x00000000d60d6188,0x00000000d6100000)
  to   space 1024K, 0% used [0x00000000d5f00000,0x00000000d5f00000,0x00000000d6000000)
 ParOldGen       total 97280K, used 83971K [0x0000000080000000, 0x0000000085f00000, 0x00000000d5580000)
  object space 97280K, 86% used [0x0000000080000000,0x0000000085200d30,0x0000000085f00000)
 Metaspace       used 65220K, committed 66688K, reserved 1114112K
  class space    used 6980K, committed 7616K, reserved 1048576K
}
Event: 71.790 GC heap after
{Heap after GC invocations=142 (full 3):
 PSYoungGen      total 10240K, used 905K [0x00000000d5580000, 0x00000000d6100000, 0x0000000100000000)
  eden space 9216K, 0% used [0x00000000d5580000,0x00000000d5580000,0x00000000d5e80000)
  from space 1024K, 88% used [0x00000000d5f00000,0x00000000d5fe2770,0x00000000d6000000)
  to   space 1024K, 0% used [0x00000000d6000000,0x00000000d6000000,0x00000000d6100000)
 ParOldGen       total 97280K, used 84003K [0x0000000080000000, 0x0000000085f00000, 0x00000000d5580000)
  object space 97280K, 86% used [0x0000000080000000,0x0000000085208d30,0x0000000085f00000)
 Metaspace       used 65220K, committed 66688K, reserved 1114112K
  class space    used 6980K, committed 7616K, reserved 1048576K
}
Event: 71.839 GC heap before
{Heap before GC invocations=143 (full 3):
 PSYoungGen      total 10240K, used 10121K [0x00000000d5580000, 0x00000000d6100000, 0x0000000100000000)
  eden space 9216K, 100% used [0x00000000d5580000,0x00000000d5e80000,0x00000000d5e80000)
  from space 1024K, 88% used [0x00000000d5f00000,0x00000000d5fe2770,0x00000000d6000000)
  to   space 1024K, 0% used [0x00000000d6000000,0x00000000d6000000,0x00000000d6100000)
 ParOldGen       total 97280K, used 84003K [0x0000000080000000, 0x0000000085f00000, 0x00000000d5580000)
  object space 97280K, 86% used [0x0000000080000000,0x0000000085208d30,0x0000000085f00000)
 Metaspace       used 65221K, committed 66688K, reserved 1114112K
  class space    used 6980K, committed 7616K, reserved 1048576K
}
Event: 71.841 GC heap after
{Heap after GC invocations=143 (full 3):
 PSYoungGen      total 10240K, used 758K [0x00000000d5580000, 0x00000000d6100000, 0x0000000100000000)
  eden space 9216K, 0% used [0x00000000d5580000,0x00000000d5580000,0x00000000d5e80000)
  from space 1024K, 74% used [0x00000000d6000000,0x00000000d60bdab0,0x00000000d6100000)
  to   space 1024K, 0% used [0x00000000d5f00000,0x00000000d5f00000,0x00000000d6000000)
 ParOldGen       total 97280K, used 84043K [0x0000000080000000, 0x0000000085f00000, 0x00000000d5580000)
  object space 97280K, 86% used [0x0000000080000000,0x0000000085212d30,0x0000000085f00000)
 Metaspace       used 65221K, committed 66688K, reserved 1114112K
  class space    used 6980K, committed 7616K, reserved 1048576K
}
Event: 71.928 GC heap before
{Heap before GC invocations=144 (full 3):
 PSYoungGen      total 10240K, used 9974K [0x00000000d5580000, 0x00000000d6100000, 0x0000000100000000)
  eden space 9216K, 100% used [0x00000000d5580000,0x00000000d5e80000,0x00000000d5e80000)
  from space 1024K, 74% used [0x00000000d6000000,0x00000000d60bdab0,0x00000000d6100000)
  to   space 1024K, 0% used [0x00000000d5f00000,0x00000000d5f00000,0x00000000d6000000)
 ParOldGen       total 97280K, used 84043K [0x0000000080000000, 0x0000000085f00000, 0x00000000d5580000)
  object space 97280K, 86% used [0x0000000080000000,0x0000000085212d30,0x0000000085f00000)
 Metaspace       used 65753K, committed 67200K, reserved 1114112K
  class space    used 7023K, committed 7680K, reserved 1048576K
}
Event: 71.930 GC heap after
{Heap after GC invocations=144 (full 3):
 PSYoungGen      total 10240K, used 224K [0x00000000d5580000, 0x00000000d6080000, 0x0000000100000000)
  eden space 9216K, 0% used [0x00000000d5580000,0x00000000d5580000,0x00000000d5e80000)
  from space 1024K, 21% used [0x00000000d5f00000,0x00000000d5f38000,0x00000000d6000000)
  to   space 512K, 0% used [0x00000000d6000000,0x00000000d6000000,0x00000000d6080000)
 ParOldGen       total 97280K, used 84067K [0x0000000080000000, 0x0000000085f00000, 0x00000000d5580000)
  object space 97280K, 86% used [0x0000000080000000,0x0000000085218d30,0x0000000085f00000)
 Metaspace       used 65753K, committed 67200K, reserved 1114112K
  class space    used 7023K, committed 7680K, reserved 1048576K
}
Event: 72.622 GC heap before
{Heap before GC invocations=145 (full 3):
 PSYoungGen      total 10240K, used 9440K [0x00000000d5580000, 0x00000000d6080000, 0x0000000100000000)
  eden space 9216K, 100% used [0x00000000d5580000,0x00000000d5e80000,0x00000000d5e80000)
  from space 1024K, 21% used [0x00000000d5f00000,0x00000000d5f38000,0x00000000d6000000)
  to   space 512K, 0% used [0x00000000d6000000,0x00000000d6000000,0x00000000d6080000)
 ParOldGen       total 97280K, used 84067K [0x0000000080000000, 0x0000000085f00000, 0x00000000d5580000)
  object space 97280K, 86% used [0x0000000080000000,0x0000000085218d30,0x0000000085f00000)
 Metaspace       used 66922K, committed 68352K, reserved 1114112K
  class space    used 7145K, committed 7808K, reserved 1048576K
}
Event: 72.623 GC heap after
{Heap after GC invocations=145 (full 3):
 PSYoungGen      total 9728K, used 480K [0x00000000d5580000, 0x00000000d6080000, 0x0000000100000000)
  eden space 9216K, 0% used [0x00000000d5580000,0x00000000d5580000,0x00000000d5e80000)
  from space 512K, 93% used [0x00000000d6000000,0x00000000d6078000,0x00000000d6080000)
  to   space 1024K, 0% used [0x00000000d5e80000,0x00000000d5e80000,0x00000000d5f80000)
 ParOldGen       total 97280K, used 84091K [0x0000000080000000, 0x0000000085f00000, 0x00000000d5580000)
  object space 97280K, 86% used [0x0000000080000000,0x000000008521ed30,0x0000000085f00000)
 Metaspace       used 66922K, committed 68352K, reserved 1114112K
  class space    used 7145K, committed 7808K, reserved 1048576K
}
Event: 73.167 GC heap before
{Heap before GC invocations=146 (full 3):
 PSYoungGen      total 9728K, used 9696K [0x00000000d5580000, 0x00000000d6080000, 0x0000000100000000)
  eden space 9216K, 100% used [0x00000000d5580000,0x00000000d5e80000,0x00000000d5e80000)
  from space 512K, 93% used [0x00000000d6000000,0x00000000d6078000,0x00000000d6080000)
  to   space 1024K, 0% used [0x00000000d5e80000,0x00000000d5e80000,0x00000000d5f80000)
 ParOldGen       total 97280K, used 84091K [0x0000000080000000, 0x0000000085f00000, 0x00000000d5580000)
  object space 97280K, 86% used [0x0000000080000000,0x000000008521ed30,0x0000000085f00000)
 Metaspace       used 67214K, committed 68672K, reserved 1114112K
  class space    used 7179K, committed 7808K, reserved 1048576K
}
Event: 73.168 GC heap after
{Heap after GC invocations=146 (full 3):
 PSYoungGen      total 10240K, used 448K [0x00000000d5580000, 0x00000000d6080000, 0x0000000100000000)
  eden space 9216K, 0% used [0x00000000d5580000,0x00000000d5580000,0x00000000d5e80000)
  from space 1024K, 43% used [0x00000000d5e80000,0x00000000d5ef0000,0x00000000d5f80000)
  to   space 512K, 0% used [0x00000000d6000000,0x00000000d6000000,0x00000000d6080000)
 ParOldGen       total 97280K, used 84487K [0x0000000080000000, 0x0000000085f00000, 0x00000000d5580000)
  object space 97280K, 86% used [0x0000000080000000,0x0000000085281cc0,0x0000000085f00000)
 Metaspace       used 67214K, committed 68672K, reserved 1114112K
  class space    used 7179K, committed 7808K, reserved 1048576K
}
Event: 1274.303 GC heap before
{Heap before GC invocations=147 (full 3):
 PSYoungGen      total 10240K, used 9663K [0x00000000d5580000, 0x00000000d6080000, 0x0000000100000000)
  eden space 9216K, 99% used [0x00000000d5580000,0x00000000d5e7ff80,0x00000000d5e80000)
  from space 1024K, 43% used [0x00000000d5e80000,0x00000000d5ef0000,0x00000000d5f80000)
  to   space 512K, 0% used [0x00000000d6000000,0x00000000d6000000,0x00000000d6080000)
 ParOldGen       total 97280K, used 84487K [0x0000000080000000, 0x0000000085f00000, 0x00000000d5580000)
  object space 97280K, 86% used [0x0000000080000000,0x0000000085281cc0,0x0000000085f00000)
 Metaspace       used 67449K, committed 68864K, reserved 1114112K
  class space    used 7197K, committed 7808K, reserved 1048576K
}
Event: 1274.305 GC heap after
{Heap after GC invocations=147 (full 3):
 PSYoungGen      total 9728K, used 448K [0x00000000d5580000, 0x00000000d6080000, 0x0000000100000000)
  eden space 9216K, 0% used [0x00000000d5580000,0x00000000d5580000,0x00000000d5e80000)
  from space 512K, 87% used [0x00000000d6000000,0x00000000d6070000,0x00000000d6080000)
  to   space 512K, 0% used [0x00000000d5f80000,0x00000000d5f80000,0x00000000d6000000)
 ParOldGen       total 97280K, used 84647K [0x0000000080000000, 0x0000000085f00000, 0x00000000d5580000)
  object space 97280K, 87% used [0x0000000080000000,0x00000000852a9cc0,0x0000000085f00000)
 Metaspace       used 67449K, committed 68864K, reserved 1114112K
  class space    used 7197K, committed 7808K, reserved 1048576K
}

